study index1
Site ID   Ant. Elev. AMSL (m )  Frequency (MHz)  ERPi(dbW) Orient./Pol.  Group  Coordinates
--------  --------------------  ---------------  ----------  ------------  -----  ---------------------------
ABAA0003                 464.0        900.00000       18.00    Use file-vertical      1  N44Ḟ30'17.70" W122Ḟ57'35.78"
ABAA0004                 464.0        900.00000       18.00    Use file-vertical      1  N44Ḟ30'17.70" W122Ḟ57'35.78"
ABAB0004                 765.9        900.00000       19.40    Use file-vertical      1  N44Ḟ16'10.32" W122Ḟ56'55.30"
ABAC0003                 255.5        900.00000       18.00    Use file-vertical      1  N44Ḟ21'32.09" W123Ḟ00'09.00"
ABAC0004                 255.5        900.00000       18.00    Use file-vertical      1  N44Ḟ21'32.09" W123Ḟ00'09.00"
ABAD0001                 251.2        900.00000       19.40    Use file-vertical      1  N44Ḟ40'04.03" W122Ḟ53'02.51"
ABAD0002                 251.2        900.00000       19.40    Use file-vertical      1  N44Ḟ40'04.03" W122Ḟ53'02.51"
ABAE0001                 108.3        900.00000       19.40    Use file-vertical      1  N44Ḟ26'55.83" W123Ḟ11'59.15"
ABAE0002                 108.3        900.00000       19.40    Use file-vertical      1  N44Ḟ26'55.83" W123Ḟ11'59.15"
ABAF0001                 946.4        900.00000       16.00    Use file-vertical      1  N44Ḟ37'58.40" W122Ḟ37'25.42"
ABAG0001                 151.1        900.00000       19.40    Use file-vertical      1  N44Ḟ38'45.90" W123Ḟ08'47.55"
ABAG0002                 151.1        900.00000       19.40    Use file-vertical      1  N44Ḟ38'45.90" W123Ḟ08'47.55"
ABAH0001                 695.2        900.00000       18.00    Use file-vertical      1  N44Ḟ14'03.94" W122Ḟ44'41.87"
ABAI0001                 831.2        900.00000       18.00    Use file-vertical      1  N44Ḟ33'49.90" W122Ḟ38'42.45"
ABAJ0001                 621.2        900.00000       16.00    Use file-vertical      1  N44Ḟ25'59.94" W122Ḟ53'06.80"
ABAK0001                 994.4        900.00000       19.40    Use file-vertical      1  N44Ḟ18'48.60" W122Ḟ37'14.81"
ABAL0001                 901.2        900.00000       19.40    Use file-vertical      1  N44Ḟ18'02.87" W122Ḟ53'03.49"
